{"/home/ahmad/Documents/back-endjs/hapi/src/api.js": {"path":"/home/ahmad/Documents/back-endjs/hapi/src/api.js","statementMap":{"0":{"start":{"line":7,"column":0},"end":{"line":10,"column":2}},"1":{"start":{"line":8,"column":4},"end":{"line":8,"column":21}},"2":{"start":{"line":9,"column":4},"end":{"line":9,"column":20}},"3":{"start":{"line":13,"column":4},"end":{"line":13,"column":20}},"4":{"start":{"line":14,"column":23},"end":{"line":14,"column":47}},"5":{"start":{"line":15,"column":19},"end":{"line":18,"column":6}},"6":{"start":{"line":20,"column":4},"end":{"line":20,"column":50}},"7":{"start":{"line":21,"column":4},"end":{"line":21,"column":61}},"8":{"start":{"line":22,"column":4},"end":{"line":22,"column":31}},"9":{"start":{"line":24,"column":4},"end":{"line":28,"column":5}},"10":{"start":{"line":25,"column":8},"end":{"line":25,"column":29}},"11":{"start":{"line":26,"column":8},"end":{"line":26,"column":71}},"12":{"start":{"line":27,"column":8},"end":{"line":27,"column":85}},"13":{"start":{"line":31,"column":4},"end":{"line":31,"column":27}}},"fnMap":{"0":{"name":"(anonymous_0)","decl":{"start":{"line":7,"column":33},"end":{"line":7,"column":34}},"loc":{"start":{"line":7,"column":42},"end":{"line":10,"column":1}},"line":7},"1":{"name":"(anonymous_1)","decl":{"start":{"line":12,"column":15},"end":{"line":12,"column":16}},"loc":{"start":{"line":12,"column":27},"end":{"line":32,"column":1}},"line":12}},"branchMap":{"0":{"loc":{"start":{"line":24,"column":4},"end":{"line":28,"column":5}},"type":"if","locations":[{"start":{"line":24,"column":4},"end":{"line":28,"column":5}},{"start":{"line":24,"column":4},"end":{"line":28,"column":5}}],"line":24}},"s":{"0":3,"1":0,"2":0,"3":3,"4":3,"5":3,"6":3,"7":3,"8":3,"9":3,"10":3,"11":1,"12":1,"13":1},"f":{"0":0,"1":3},"b":{"0":[3,0]},"_coverageSchema":"43e27e138ebf9cfc5966b082cf9a028302ed4184","hash":"5137b0a86ab20f0b76d72fae035638ead3ad9d57"}
,"/home/ahmad/Documents/back-endjs/hapi/src/config.js": {"path":"/home/ahmad/Documents/back-endjs/hapi/src/config.js","statementMap":{"0":{"start":{"line":5,"column":4},"end":{"line":9,"column":5}},"1":{"start":{"line":6,"column":8},"end":{"line":6,"column":51}},"2":{"start":{"line":8,"column":8},"end":{"line":8,"column":24}},"3":{"start":{"line":12,"column":4},"end":{"line":15,"column":5}},"4":{"start":{"line":13,"column":8},"end":{"line":13,"column":82}},"5":{"start":{"line":14,"column":8},"end":{"line":14,"column":24}},"6":{"start":{"line":17,"column":0},"end":{"line":17,"column":53}}},"fnMap":{"0":{"name":"configure","decl":{"start":{"line":4,"column":24},"end":{"line":4,"column":33}},"loc":{"start":{"line":4,"column":35},"end":{"line":18,"column":1}},"line":4}},"branchMap":{"0":{"loc":{"start":{"line":5,"column":4},"end":{"line":9,"column":5}},"type":"if","locations":[{"start":{"line":5,"column":4},"end":{"line":9,"column":5}},{"start":{"line":5,"column":4},"end":{"line":9,"column":5}}],"line":5},"1":{"loc":{"start":{"line":12,"column":4},"end":{"line":15,"column":5}},"type":"if","locations":[{"start":{"line":12,"column":4},"end":{"line":15,"column":5}},{"start":{"line":12,"column":4},"end":{"line":15,"column":5}}],"line":12}},"s":{"0":3,"1":3,"2":0,"3":3,"4":0,"5":0,"6":3},"f":{"0":3},"b":{"0":[3,0],"1":[0,3]},"_coverageSchema":"43e27e138ebf9cfc5966b082cf9a028302ed4184","hash":"c35b4be63dff7a34b2436165cb45d1bc774c13b8"}
,"/home/ahmad/Documents/back-endjs/hapi/src/example.js": {"path":"/home/ahmad/Documents/back-endjs/hapi/src/example.js","statementMap":{"0":{"start":{"line":10,"column":4},"end":{"line":10,"column":15}}},"fnMap":{"0":{"name":"(anonymous_0)","decl":{"start":{"line":9,"column":15},"end":{"line":9,"column":16}},"loc":{"start":{"line":9,"column":29},"end":{"line":11,"column":1}},"line":9}},"branchMap":{},"s":{"0":1},"f":{"0":1},"b":{},"_coverageSchema":"43e27e138ebf9cfc5966b082cf9a028302ed4184","hash":"68920ad24495766cee0ba1678ba661ef81966dcf"}
,"/home/ahmad/Documents/back-endjs/hapi/src/config/auth.js": {"path":"/home/ahmad/Documents/back-endjs/hapi/src/config/auth.js","statementMap":{"0":{"start":{"line":3,"column":17},"end":{"line":14,"column":1}},"1":{"start":{"line":4,"column":17},"end":{"line":4,"column":66}},"2":{"start":{"line":6,"column":4},"end":{"line":8,"column":5}},"3":{"start":{"line":7,"column":8},"end":{"line":7,"column":52}},"4":{"start":{"line":10,"column":20},"end":{"line":10,"column":86}},"5":{"start":{"line":11,"column":24},"end":{"line":11,"column":60}},"6":{"start":{"line":13,"column":4},"end":{"line":13,"column":36}}},"fnMap":{"0":{"name":"(anonymous_0)","decl":{"start":{"line":3,"column":17},"end":{"line":3,"column":18}},"loc":{"start":{"line":3,"column":56},"end":{"line":14,"column":1}},"line":3}},"branchMap":{"0":{"loc":{"start":{"line":6,"column":4},"end":{"line":8,"column":5}},"type":"if","locations":[{"start":{"line":6,"column":4},"end":{"line":8,"column":5}},{"start":{"line":6,"column":4},"end":{"line":8,"column":5}}],"line":6}},"s":{"0":3,"1":0,"2":0,"3":0,"4":0,"5":0,"6":0},"f":{"0":0},"b":{"0":[0,0]},"_coverageSchema":"43e27e138ebf9cfc5966b082cf9a028302ed4184","hash":"e9da60f3307275b9cafb4e27fb784cb7a3e4b05c"}
,"/home/ahmad/Documents/back-endjs/hapi/src/db/connection.js": {"path":"/home/ahmad/Documents/back-endjs/hapi/src/db/connection.js","statementMap":{"0":{"start":{"line":4,"column":25},"end":{"line":17,"column":1}},"1":{"start":{"line":5,"column":23},"end":{"line":14,"column":6}},"2":{"start":{"line":16,"column":4},"end":{"line":16,"column":22}}},"fnMap":{"0":{"name":"(anonymous_0)","decl":{"start":{"line":4,"column":25},"end":{"line":4,"column":26}},"loc":{"start":{"line":4,"column":37},"end":{"line":17,"column":1}},"line":4}},"branchMap":{},"s":{"0":3,"1":3,"2":3},"f":{"0":3},"b":{},"_coverageSchema":"43e27e138ebf9cfc5966b082cf9a028302ed4184","hash":"c627fb37f5b1c7e3a3fd9e63efd23ca9b76fcce3"}
,"/home/ahmad/Documents/back-endjs/hapi/src/model/artist.model.js": {"path":"/home/ahmad/Documents/back-endjs/hapi/src/model/artist.model.js","statementMap":{"0":{"start":{"line":3,"column":8},"end":{"line":3,"column":21}},"1":{"start":{"line":4,"column":8},"end":{"line":4,"column":25}},"2":{"start":{"line":5,"column":8},"end":{"line":5,"column":31}},"3":{"start":{"line":6,"column":8},"end":{"line":6,"column":27}}},"fnMap":{"0":{"name":"(anonymous_0)","decl":{"start":{"line":2,"column":4},"end":{"line":2,"column":5}},"loc":{"start":{"line":2,"column":41},"end":{"line":7,"column":5}},"line":2}},"branchMap":{},"s":{"0":10,"1":10,"2":10,"3":10},"f":{"0":10},"b":{},"_coverageSchema":"43e27e138ebf9cfc5966b082cf9a028302ed4184","hash":"1a345bac79d072efd34050f8eae1d979580d2378"}
,"/home/ahmad/Documents/back-endjs/hapi/src/model/genre.model.js": {"path":"/home/ahmad/Documents/back-endjs/hapi/src/model/genre.model.js","statementMap":{"0":{"start":{"line":3,"column":8},"end":{"line":3,"column":21}},"1":{"start":{"line":4,"column":8},"end":{"line":4,"column":25}},"2":{"start":{"line":5,"column":8},"end":{"line":5,"column":31}}},"fnMap":{"0":{"name":"(anonymous_0)","decl":{"start":{"line":2,"column":4},"end":{"line":2,"column":5}},"loc":{"start":{"line":2,"column":34},"end":{"line":6,"column":5}},"line":2}},"branchMap":{},"s":{"0":3,"1":3,"2":3},"f":{"0":3},"b":{},"_coverageSchema":"43e27e138ebf9cfc5966b082cf9a028302ed4184","hash":"38ce264195bd8d7c00b823dd9dda9ea7807e1b00"}
,"/home/ahmad/Documents/back-endjs/hapi/src/model/login.model.js": {"path":"/home/ahmad/Documents/back-endjs/hapi/src/model/login.model.js","statementMap":{"0":{"start":{"line":3,"column":8},"end":{"line":3,"column":33}},"1":{"start":{"line":4,"column":8},"end":{"line":4,"column":33}}},"fnMap":{"0":{"name":"(anonymous_0)","decl":{"start":{"line":2,"column":4},"end":{"line":2,"column":5}},"loc":{"start":{"line":2,"column":34},"end":{"line":5,"column":5}},"line":2}},"branchMap":{},"s":{"0":3,"1":3},"f":{"0":3},"b":{},"_coverageSchema":"43e27e138ebf9cfc5966b082cf9a028302ed4184","hash":"06762ebe01d271e6893a15430e991483002389fb"}
,"/home/ahmad/Documents/back-endjs/hapi/src/model/song.model.js": {"path":"/home/ahmad/Documents/back-endjs/hapi/src/model/song.model.js","statementMap":{"0":{"start":{"line":3,"column":8},"end":{"line":3,"column":21}},"1":{"start":{"line":4,"column":8},"end":{"line":4,"column":27}},"2":{"start":{"line":5,"column":8},"end":{"line":5,"column":33}},"3":{"start":{"line":6,"column":8},"end":{"line":6,"column":29}}},"fnMap":{"0":{"name":"(anonymous_0)","decl":{"start":{"line":2,"column":4},"end":{"line":2,"column":5}},"loc":{"start":{"line":2,"column":44},"end":{"line":8,"column":5}},"line":2}},"branchMap":{},"s":{"0":3,"1":3,"2":3,"3":3},"f":{"0":3},"b":{},"_coverageSchema":"43e27e138ebf9cfc5966b082cf9a028302ed4184","hash":"5222ed484c38014d7e0b208150bbcdbfafd83d3b"}
,"/home/ahmad/Documents/back-endjs/hapi/src/routes/artist.route.js": {"path":"/home/ahmad/Documents/back-endjs/hapi/src/routes/artist.route.js","statementMap":{"0":{"start":{"line":6,"column":22},"end":{"line":6,"column":41}},"1":{"start":{"line":9,"column":22},"end":{"line":85,"column":1}},"2":{"start":{"line":17,"column":21},"end":{"line":17,"column":50}},"3":{"start":{"line":18,"column":8},"end":{"line":18,"column":19}},"4":{"start":{"line":27,"column":19},"end":{"line":27,"column":36}},"5":{"start":{"line":28,"column":21},"end":{"line":28,"column":53}},"6":{"start":{"line":29,"column":8},"end":{"line":29,"column":20}},"7":{"start":{"line":41,"column":19},"end":{"line":41,"column":36}},"8":{"start":{"line":42,"column":21},"end":{"line":42,"column":64}},"9":{"start":{"line":44,"column":8},"end":{"line":48,"column":9}},"10":{"start":{"line":45,"column":12},"end":{"line":45,"column":53}},"11":{"start":{"line":47,"column":12},"end":{"line":47,"column":24}},"12":{"start":{"line":56,"column":25},"end":{"line":56,"column":40}},"13":{"start":{"line":57,"column":12},"end":{"line":57,"column":39}},"14":{"start":{"line":58,"column":12},"end":{"line":58,"column":24}},"15":{"start":{"line":72,"column":26},"end":{"line":72,"column":71}},"16":{"start":{"line":73,"column":13},"end":{"line":73,"column":46}},"17":{"start":{"line":74,"column":12},"end":{"line":74,"column":31}},"18":{"start":{"line":81,"column":19},"end":{"line":81,"column":36}},"19":{"start":{"line":82,"column":8},"end":{"line":82,"column":40}}},"fnMap":{"0":{"name":"(anonymous_0)","decl":{"start":{"line":16,"column":13},"end":{"line":16,"column":14}},"loc":{"start":{"line":16,"column":35},"end":{"line":20,"column":9}},"line":16},"1":{"name":"(anonymous_1)","decl":{"start":{"line":26,"column":13},"end":{"line":26,"column":14}},"loc":{"start":{"line":26,"column":32},"end":{"line":35,"column":5}},"line":26},"2":{"name":"(anonymous_2)","decl":{"start":{"line":40,"column":13},"end":{"line":40,"column":14}},"loc":{"start":{"line":40,"column":32},"end":{"line":49,"column":5}},"line":40},"3":{"name":"(anonymous_3)","decl":{"start":{"line":55,"column":17},"end":{"line":55,"column":18}},"loc":{"start":{"line":55,"column":30},"end":{"line":59,"column":9}},"line":55},"4":{"name":"(anonymous_4)","decl":{"start":{"line":71,"column":17},"end":{"line":71,"column":18}},"loc":{"start":{"line":71,"column":36},"end":{"line":75,"column":9}},"line":71},"5":{"name":"(anonymous_5)","decl":{"start":{"line":80,"column":14},"end":{"line":80,"column":15}},"loc":{"start":{"line":80,"column":27},"end":{"line":83,"column":5}},"line":80}},"branchMap":{"0":{"loc":{"start":{"line":44,"column":8},"end":{"line":48,"column":9}},"type":"if","locations":[{"start":{"line":44,"column":8},"end":{"line":48,"column":9}},{"start":{"line":44,"column":8},"end":{"line":48,"column":9}}],"line":44}},"s":{"0":3,"1":3,"2":1,"3":1,"4":1,"5":1,"6":1,"7":0,"8":0,"9":0,"10":0,"11":0,"12":0,"13":0,"14":0,"15":0,"16":0,"17":0,"18":0,"19":0},"f":{"0":1,"1":1,"2":0,"3":0,"4":0,"5":0},"b":{"0":[0,0]},"_coverageSchema":"43e27e138ebf9cfc5966b082cf9a028302ed4184","hash":"69637c9a92e4e819cd8bd4a4c9d9baeef0e9c2b3"}
,"/home/ahmad/Documents/back-endjs/hapi/src/routes/genre.route.js": {"path":"/home/ahmad/Documents/back-endjs/hapi/src/routes/genre.route.js","statementMap":{"0":{"start":{"line":4,"column":21},"end":{"line":4,"column":39}},"1":{"start":{"line":7,"column":21},"end":{"line":52,"column":1}},"2":{"start":{"line":13,"column":21},"end":{"line":13,"column":49}},"3":{"start":{"line":14,"column":8},"end":{"line":14,"column":19}},"4":{"start":{"line":22,"column":19},"end":{"line":22,"column":36}},"5":{"start":{"line":23,"column":8},"end":{"line":23,"column":46}},"6":{"start":{"line":30,"column":21},"end":{"line":30,"column":36}},"7":{"start":{"line":31,"column":8},"end":{"line":31,"column":34}},"8":{"start":{"line":32,"column":8},"end":{"line":32,"column":20}},"9":{"start":{"line":39,"column":26},"end":{"line":39,"column":71}},"10":{"start":{"line":40,"column":13},"end":{"line":40,"column":46}},"11":{"start":{"line":41,"column":12},"end":{"line":41,"column":31}},"12":{"start":{"line":48,"column":19},"end":{"line":48,"column":36}},"13":{"start":{"line":49,"column":8},"end":{"line":49,"column":39}}},"fnMap":{"0":{"name":"(anonymous_0)","decl":{"start":{"line":12,"column":13},"end":{"line":12,"column":14}},"loc":{"start":{"line":12,"column":35},"end":{"line":16,"column":4}},"line":12},"1":{"name":"(anonymous_1)","decl":{"start":{"line":21,"column":13},"end":{"line":21,"column":14}},"loc":{"start":{"line":21,"column":32},"end":{"line":24,"column":5}},"line":21},"2":{"name":"(anonymous_2)","decl":{"start":{"line":29,"column":13},"end":{"line":29,"column":14}},"loc":{"start":{"line":29,"column":26},"end":{"line":33,"column":5}},"line":29},"3":{"name":"(anonymous_3)","decl":{"start":{"line":38,"column":17},"end":{"line":38,"column":18}},"loc":{"start":{"line":38,"column":36},"end":{"line":42,"column":9}},"line":38},"4":{"name":"(anonymous_4)","decl":{"start":{"line":47,"column":14},"end":{"line":47,"column":15}},"loc":{"start":{"line":47,"column":27},"end":{"line":50,"column":5}},"line":47}},"branchMap":{},"s":{"0":3,"1":3,"2":0,"3":0,"4":0,"5":0,"6":0,"7":0,"8":0,"9":0,"10":0,"11":0,"12":0,"13":0},"f":{"0":0,"1":0,"2":0,"3":0,"4":0},"b":{},"_coverageSchema":"43e27e138ebf9cfc5966b082cf9a028302ed4184","hash":"8f3650f8c37f13643f32f4d5ac45370f1282209d"}
,"/home/ahmad/Documents/back-endjs/hapi/src/routes/index.js": {"path":"/home/ahmad/Documents/back-endjs/hapi/src/routes/index.js","statementMap":{"0":{"start":{"line":6,"column":15},"end":{"line":11,"column":5}}},"fnMap":{},"branchMap":{},"s":{"0":3},"f":{},"b":{},"_coverageSchema":"43e27e138ebf9cfc5966b082cf9a028302ed4184","hash":"56f4f9b5146930cc46effee05704959ab74bee79"}
,"/home/ahmad/Documents/back-endjs/hapi/src/routes/login.route.js": {"path":"/home/ahmad/Documents/back-endjs/hapi/src/routes/login.route.js","statementMap":{"0":{"start":{"line":3,"column":21},"end":{"line":3,"column":39}},"1":{"start":{"line":5,"column":19},"end":{"line":39,"column":1}},"2":{"start":{"line":12,"column":25},"end":{"line":12,"column":53}},"3":{"start":{"line":13,"column":12},"end":{"line":13,"column":24}},"4":{"start":{"line":20,"column":25},"end":{"line":20,"column":40}},"5":{"start":{"line":21,"column":12},"end":{"line":21,"column":38}},"6":{"start":{"line":22,"column":12},"end":{"line":22,"column":24}},"7":{"start":{"line":28,"column":25},"end":{"line":28,"column":42}},"8":{"start":{"line":29,"column":12},"end":{"line":29,"column":45}},"9":{"start":{"line":36,"column":12},"end":{"line":36,"column":55}}},"fnMap":{"0":{"name":"(anonymous_0)","decl":{"start":{"line":11,"column":17},"end":{"line":11,"column":18}},"loc":{"start":{"line":11,"column":32},"end":{"line":14,"column":9}},"line":11},"1":{"name":"(anonymous_1)","decl":{"start":{"line":19,"column":17},"end":{"line":19,"column":18}},"loc":{"start":{"line":19,"column":36},"end":{"line":23,"column":9}},"line":19},"2":{"name":"(anonymous_2)","decl":{"start":{"line":27,"column":17},"end":{"line":27,"column":18}},"loc":{"start":{"line":27,"column":30},"end":{"line":30,"column":9}},"line":27},"3":{"name":"(anonymous_3)","decl":{"start":{"line":35,"column":17},"end":{"line":35,"column":18}},"loc":{"start":{"line":35,"column":30},"end":{"line":37,"column":9}},"line":35}},"branchMap":{},"s":{"0":3,"1":3,"2":0,"3":0,"4":0,"5":0,"6":0,"7":0,"8":0,"9":0},"f":{"0":0,"1":0,"2":0,"3":0},"b":{},"_coverageSchema":"43e27e138ebf9cfc5966b082cf9a028302ed4184","hash":"06273327b8cb20d738cd8fd72070b658f193ae93"}
,"/home/ahmad/Documents/back-endjs/hapi/src/routes/landing/index.js": {"path":"/home/ahmad/Documents/back-endjs/hapi/src/routes/landing/index.js","statementMap":{"0":{"start":{"line":1,"column":16},"end":{"line":12,"column":1}},"1":{"start":{"line":5,"column":8},"end":{"line":9,"column":10}}},"fnMap":{"0":{"name":"(anonymous_0)","decl":{"start":{"line":4,"column":13},"end":{"line":4,"column":14}},"loc":{"start":{"line":4,"column":25},"end":{"line":11,"column":5}},"line":4}},"branchMap":{},"s":{"0":3,"1":0},"f":{"0":0},"b":{},"_coverageSchema":"43e27e138ebf9cfc5966b082cf9a028302ed4184","hash":"4bbc0a2b57f398b4137e4c5df0e943a3cd6fb505"}
,"/home/ahmad/Documents/back-endjs/hapi/src/schema/artist.schema.js": {"path":"/home/ahmad/Documents/back-endjs/hapi/src/schema/artist.schema.js","statementMap":{"0":{"start":{"line":4,"column":21},"end":{"line":41,"column":2}}},"fnMap":{},"branchMap":{},"s":{"0":3},"f":{},"b":{},"_coverageSchema":"43e27e138ebf9cfc5966b082cf9a028302ed4184","hash":"00e37456c6f426436941815b44d1eb08ca143bff"}
,"/home/ahmad/Documents/back-endjs/hapi/src/schema/entities.js": {"path":"/home/ahmad/Documents/back-endjs/hapi/src/schema/entities.js","statementMap":{},"fnMap":{},"branchMap":{},"s":{},"f":{},"b":{},"_coverageSchema":"43e27e138ebf9cfc5966b082cf9a028302ed4184","hash":"eb5ac2b8447f11870540c12d098fa297d9889a8e"}
,"/home/ahmad/Documents/back-endjs/hapi/src/schema/genre.schema.js": {"path":"/home/ahmad/Documents/back-endjs/hapi/src/schema/genre.schema.js","statementMap":{"0":{"start":{"line":4,"column":20},"end":{"line":35,"column":2}}},"fnMap":{},"branchMap":{},"s":{"0":3},"f":{},"b":{},"_coverageSchema":"43e27e138ebf9cfc5966b082cf9a028302ed4184","hash":"2091750c6d3ee486b314ed71717659391acad020"}
,"/home/ahmad/Documents/back-endjs/hapi/src/schema/login.schema.js": {"path":"/home/ahmad/Documents/back-endjs/hapi/src/schema/login.schema.js","statementMap":{"0":{"start":{"line":4,"column":20},"end":{"line":27,"column":2}}},"fnMap":{},"branchMap":{},"s":{"0":3},"f":{},"b":{},"_coverageSchema":"43e27e138ebf9cfc5966b082cf9a028302ed4184","hash":"195dd7d39dcec782ac298887a1c1664b5fe912a2"}
,"/home/ahmad/Documents/back-endjs/hapi/src/schema/song.schema.js": {"path":"/home/ahmad/Documents/back-endjs/hapi/src/schema/song.schema.js","statementMap":{"0":{"start":{"line":4,"column":19},"end":{"line":35,"column":2}}},"fnMap":{},"branchMap":{},"s":{"0":3},"f":{},"b":{},"_coverageSchema":"43e27e138ebf9cfc5966b082cf9a028302ed4184","hash":"66da7f0bf1cae42190bd91ec5a2d4c6b10ef24f6"}
,"/home/ahmad/Documents/back-endjs/hapi/src/services/artist.service.js": {"path":"/home/ahmad/Documents/back-endjs/hapi/src/services/artist.service.js","statementMap":{"0":{"start":{"line":7,"column":8},"end":{"line":7,"column":34}},"1":{"start":{"line":11,"column":4},"end":{"line":11,"column":63}},"2":{"start":{"line":15,"column":17},"end":{"line":15,"column":58}},"3":{"start":{"line":16,"column":4},"end":{"line":18,"column":5}},"4":{"start":{"line":17,"column":8},"end":{"line":17,"column":50}},"5":{"start":{"line":19,"column":4},"end":{"line":19,"column":16}},"6":{"start":{"line":23,"column":19},"end":{"line":23,"column":64}},"7":{"start":{"line":24,"column":4},"end":{"line":24,"column":19}},"8":{"start":{"line":28,"column":4},"end":{"line":28,"column":46}},"9":{"start":{"line":32,"column":4},"end":{"line":32,"column":48}},"10":{"start":{"line":36,"column":17},"end":{"line":36,"column":34}},"11":{"start":{"line":37,"column":4},"end":{"line":37,"column":48}}},"fnMap":{"0":{"name":"(anonymous_0)","decl":{"start":{"line":6,"column":4},"end":{"line":6,"column":5}},"loc":{"start":{"line":6,"column":22},"end":{"line":8,"column":5}},"line":6},"1":{"name":"(anonymous_1)","decl":{"start":{"line":10,"column":0},"end":{"line":10,"column":1}},"loc":{"start":{"line":10,"column":9},"end":{"line":12,"column":1}},"line":10},"2":{"name":"(anonymous_2)","decl":{"start":{"line":14,"column":0},"end":{"line":14,"column":1}},"loc":{"start":{"line":14,"column":18},"end":{"line":20,"column":1}},"line":14},"3":{"name":"(anonymous_3)","decl":{"start":{"line":22,"column":0},"end":{"line":22,"column":1}},"loc":{"start":{"line":22,"column":28},"end":{"line":25,"column":1}},"line":22},"4":{"name":"(anonymous_4)","decl":{"start":{"line":27,"column":0},"end":{"line":27,"column":1}},"loc":{"start":{"line":27,"column":12},"end":{"line":29,"column":1}},"line":27},"5":{"name":"(anonymous_5)","decl":{"start":{"line":31,"column":0},"end":{"line":31,"column":1}},"loc":{"start":{"line":31,"column":12},"end":{"line":33,"column":1}},"line":31},"6":{"name":"(anonymous_6)","decl":{"start":{"line":35,"column":0},"end":{"line":35,"column":1}},"loc":{"start":{"line":35,"column":10},"end":{"line":38,"column":1}},"line":35}},"branchMap":{"0":{"loc":{"start":{"line":16,"column":4},"end":{"line":18,"column":5}},"type":"if","locations":[{"start":{"line":16,"column":4},"end":{"line":18,"column":5}},{"start":{"line":16,"column":4},"end":{"line":18,"column":5}}],"line":16}},"s":{"0":14,"1":3,"2":3,"3":3,"4":0,"5":3,"6":0,"7":0,"8":5,"9":0,"10":0,"11":0},"f":{"0":14,"1":3,"2":3,"3":0,"4":5,"5":0,"6":0},"b":{"0":[0,3]},"_coverageSchema":"43e27e138ebf9cfc5966b082cf9a028302ed4184","hash":"8e60b00ef2a2a19459d4c349a8a2c67c4a9e8664"}
,"/home/ahmad/Documents/back-endjs/hapi/src/services/genre.service.js": {"path":"/home/ahmad/Documents/back-endjs/hapi/src/services/genre.service.js","statementMap":{"0":{"start":{"line":6,"column":8},"end":{"line":6,"column":33}},"1":{"start":{"line":10,"column":8},"end":{"line":10,"column":45}},"2":{"start":{"line":14,"column":8},"end":{"line":14,"column":50}},"3":{"start":{"line":18,"column":8},"end":{"line":18,"column":49}},"4":{"start":{"line":22,"column":8},"end":{"line":22,"column":51}},"5":{"start":{"line":26,"column":8},"end":{"line":26,"column":49}}},"fnMap":{"0":{"name":"(anonymous_0)","decl":{"start":{"line":5,"column":4},"end":{"line":5,"column":5}},"loc":{"start":{"line":5,"column":21},"end":{"line":7,"column":5}},"line":5},"1":{"name":"(anonymous_1)","decl":{"start":{"line":9,"column":4},"end":{"line":9,"column":5}},"loc":{"start":{"line":9,"column":13},"end":{"line":11,"column":5}},"line":9},"2":{"name":"(anonymous_2)","decl":{"start":{"line":13,"column":4},"end":{"line":13,"column":5}},"loc":{"start":{"line":13,"column":15},"end":{"line":15,"column":5}},"line":13},"3":{"name":"(anonymous_3)","decl":{"start":{"line":17,"column":4},"end":{"line":17,"column":5}},"loc":{"start":{"line":17,"column":16},"end":{"line":19,"column":5}},"line":17},"4":{"name":"(anonymous_4)","decl":{"start":{"line":21,"column":4},"end":{"line":21,"column":5}},"loc":{"start":{"line":21,"column":16},"end":{"line":23,"column":5}},"line":21},"5":{"name":"(anonymous_5)","decl":{"start":{"line":25,"column":4},"end":{"line":25,"column":5}},"loc":{"start":{"line":25,"column":14},"end":{"line":27,"column":5}},"line":25}},"branchMap":{},"s":{"0":0,"1":0,"2":0,"3":0,"4":0,"5":0},"f":{"0":0,"1":0,"2":0,"3":0,"4":0,"5":0},"b":{},"_coverageSchema":"43e27e138ebf9cfc5966b082cf9a028302ed4184","hash":"c861b15881b7ee6cfefb9f5f0495d7c96ee2bc20"}
,"/home/ahmad/Documents/back-endjs/hapi/src/services/login.service.js": {"path":"/home/ahmad/Documents/back-endjs/hapi/src/services/login.service.js","statementMap":{"0":{"start":{"line":11,"column":8},"end":{"line":11,"column":33}},"1":{"start":{"line":16,"column":8},"end":{"line":16,"column":51}},"2":{"start":{"line":20,"column":8},"end":{"line":20,"column":56}},"3":{"start":{"line":24,"column":8},"end":{"line":24,"column":64}},"4":{"start":{"line":28,"column":26},"end":{"line":28,"column":30}},"5":{"start":{"line":29,"column":8},"end":{"line":29,"column":39}},"6":{"start":{"line":30,"column":8},"end":{"line":30,"column":62}},"7":{"start":{"line":31,"column":8},"end":{"line":31,"column":49}},"8":{"start":{"line":35,"column":8},"end":{"line":35,"column":49}},"9":{"start":{"line":41,"column":37},"end":{"line":41,"column":41}},"10":{"start":{"line":42,"column":21},"end":{"line":42,"column":56}},"11":{"start":{"line":43,"column":8},"end":{"line":43,"column":30}},"12":{"start":{"line":44,"column":8},"end":{"line":44,"column":35}},"13":{"start":{"line":45,"column":8},"end":{"line":45,"column":25}},"14":{"start":{"line":46,"column":8},"end":{"line":50,"column":9}},"15":{"start":{"line":47,"column":12},"end":{"line":47,"column":24}},"16":{"start":{"line":49,"column":12},"end":{"line":49,"column":68}},"17":{"start":{"line":55,"column":21},"end":{"line":55,"column":41}},"18":{"start":{"line":56,"column":8},"end":{"line":56,"column":47}},"19":{"start":{"line":60,"column":8},"end":{"line":60,"column":58}}},"fnMap":{"0":{"name":"(anonymous_0)","decl":{"start":{"line":10,"column":4},"end":{"line":10,"column":5}},"loc":{"start":{"line":10,"column":21},"end":{"line":12,"column":5}},"line":10},"1":{"name":"(anonymous_1)","decl":{"start":{"line":15,"column":4},"end":{"line":15,"column":5}},"loc":{"start":{"line":15,"column":19},"end":{"line":17,"column":5}},"line":15},"2":{"name":"(anonymous_2)","decl":{"start":{"line":19,"column":4},"end":{"line":19,"column":5}},"loc":{"start":{"line":19,"column":22},"end":{"line":21,"column":5}},"line":19},"3":{"name":"(anonymous_3)","decl":{"start":{"line":23,"column":4},"end":{"line":23,"column":5}},"loc":{"start":{"line":23,"column":34},"end":{"line":25,"column":5}},"line":23},"4":{"name":"(anonymous_4)","decl":{"start":{"line":27,"column":4},"end":{"line":27,"column":5}},"loc":{"start":{"line":27,"column":22},"end":{"line":32,"column":5}},"line":27},"5":{"name":"(anonymous_5)","decl":{"start":{"line":34,"column":4},"end":{"line":34,"column":5}},"loc":{"start":{"line":34,"column":14},"end":{"line":36,"column":5}},"line":34},"6":{"name":"(anonymous_6)","decl":{"start":{"line":40,"column":4},"end":{"line":40,"column":5}},"loc":{"start":{"line":40,"column":21},"end":{"line":52,"column":5}},"line":40},"7":{"name":"(anonymous_7)","decl":{"start":{"line":54,"column":4},"end":{"line":54,"column":5}},"loc":{"start":{"line":54,"column":36},"end":{"line":57,"column":5}},"line":54},"8":{"name":"(anonymous_8)","decl":{"start":{"line":59,"column":4},"end":{"line":59,"column":5}},"loc":{"start":{"line":59,"column":50},"end":{"line":61,"column":5}},"line":59}},"branchMap":{"0":{"loc":{"start":{"line":46,"column":8},"end":{"line":50,"column":9}},"type":"if","locations":[{"start":{"line":46,"column":8},"end":{"line":50,"column":9}},{"start":{"line":46,"column":8},"end":{"line":50,"column":9}}],"line":46},"1":{"loc":{"start":{"line":46,"column":11},"end":{"line":46,"column":70}},"type":"binary-expr","locations":[{"start":{"line":46,"column":11},"end":{"line":46,"column":15}},{"start":{"line":46,"column":19},"end":{"line":46,"column":70}}],"line":46}},"s":{"0":3,"1":0,"2":0,"3":0,"4":2,"5":2,"6":2,"7":2,"8":0,"9":0,"10":0,"11":0,"12":0,"13":0,"14":0,"15":0,"16":0,"17":2,"18":2,"19":0},"f":{"0":3,"1":0,"2":0,"3":0,"4":2,"5":0,"6":0,"7":2,"8":0},"b":{"0":[0,0],"1":[0,0]},"_coverageSchema":"43e27e138ebf9cfc5966b082cf9a028302ed4184","hash":"a4b5da64d103766fc11a57d67b7596f6262f8be5"}
}
